Change Component Designator: Old Designator=* New Designator=*1
Change Component Designator: Old Designator=* New Designator=*2
Change Component Designator: Old Designator=J3 New Designator=J1
Change Component Designator: Old Designator=J4 New Designator=J2
Change Component Designator: Old Designator=J5 New Designator=J3
Change Component Designator: Old Designator=J6 New Designator=J4
Change Component Designator: Old Designator=J7 New Designator=J5
Change Component Designator: Old Designator=J8 New Designator=J6
Change Component Designator: Old Designator=J9 New Designator=J7
Change Component Designator: Old Designator=J10 New Designator=J8
Change Component Designator: Old Designator=P5 New Designator=P7
Change Component Designator: Old Designator=P6 New Designator=P8
Change Component Designator: Old Designator=P7 New Designator=P9
Change Component Designator: Old Designator=P8 New Designator=P10
Change Component Designator: Old Designator=P9 New Designator=P11
Change Component Designator: Old Designator=P10 New Designator=P12
Change Component Designator: Old Designator=P? New Designator=P5
Change Component Designator: Old Designator=P? New Designator=P6
Change Component Designator: Old Designator=R9 New Designator=R12
Change Component Designator: Old Designator=R10 New Designator=R13
Change Component Designator: Old Designator=R11 New Designator=R14
Change Component Designator: Old Designator=R12 New Designator=R15
Change Component Designator: Old Designator=R13 New Designator=R16
Change Component Designator: Old Designator=R14 New Designator=R9
Change Component Designator: Old Designator=R14 New Designator=R10
Change Component Designator: Old Designator=R14 New Designator=R17
Change Component Designator: Old Designator=R15 New Designator=R18
Change Component Designator: Old Designator=R16 New Designator=R20
Change Component Designator: Old Designator=R17 New Designator=R11
Change Component Designator: Old Designator=R17 New Designator=R19
Change Component Designator: Old Designator=R17 New Designator=R21
Change Component Designator: Old Designator=R17 New Designator=R22
Change Component Designator: Old Designator=R17 New Designator=R24
Change Component Designator: Old Designator=R18 New Designator=R23
