Change Component Designator: Old Designator=C3 New Designator=C1
Change Component Designator: Old Designator=C3 New Designator=C6
Change Component Designator: Old Designator=C4 New Designator=C2
Change Component Designator: Old Designator=C4 New Designator=C7
Change Component Designator: Old Designator=C5 New Designator=C3
Change Component Designator: Old Designator=C6 New Designator=C4
Change Component Designator: Old Designator=C7 New Designator=C5
Change Component Designator: Old Designator=C12 New Designator=C8
Change Component Designator: Old Designator=C13 New Designator=C9
Change Component Designator: Old Designator=C15 New Designator=C10
Change Component Designator: Old Designator=D192 New Designator=D1
Change Component Designator: Old Designator=D192 New Designator=D2
Change Component Designator: Old Designator=D192 New Designator=D3
Change Component Designator: Old Designator=D192 New Designator=D4
Change Component Designator: Old Designator=P1 New Designator=P4
Change Component Designator: Old Designator=P4 New Designator=P5
Change Component Designator: Old Designator=R5 New Designator=R8
Change Component Designator: Old Designator=R5 New Designator=R9
Change Component Designator: Old Designator=R5 New Designator=R13
Change Component Designator: Old Designator=R5 New Designator=R14
Change Component Designator: Old Designator=R7 New Designator=R10
Change Component Designator: Old Designator=R8 New Designator=R7
Change Component Designator: Old Designator=R9 New Designator=R11
Change Component Designator: Old Designator=R10 New Designator=R12
Change Component Designator: Old Designator=R11 New Designator=R15
Change Component Designator: Old Designator=U2 New Designator=U1
Change Component Designator: Old Designator=U? New Designator=U2
