Change Component Designator: Old Designator=C4 New Designator=C3
Change Component Designator: Old Designator=C5 New Designator=C4
Change Component Designator: Old Designator=C6 New Designator=C5
Change Component Designator: Old Designator=C7 New Designator=C6
Change Component Designator: Old Designator=C8 New Designator=C7
Change Component Designator: Old Designator=C9 New Designator=C8
Change Component Designator: Old Designator=C10 New Designator=C9
Change Component Designator: Old Designator=C11 New Designator=C10
Change Component Designator: Old Designator=P3 New Designator=P2
Change Component Designator: Old Designator=P6 New Designator=P17
Change Component Designator: Old Designator=P8 New Designator=P18
Change Component Designator: Old Designator=P9 New Designator=P8
Change Component Designator: Old Designator=P10 New Designator=P9
Change Component Designator: Old Designator=P11 New Designator=P14
Change Component Designator: Old Designator=P12 New Designator=P19
Change Component Designator: Old Designator=P13 New Designator=P12
Change Component Designator: Old Designator=P14 New Designator=P6
Change Component Designator: Old Designator=P14 New Designator=P13
Change Component Designator: Old Designator=P17 New Designator=P4
Change Component Designator: Old Designator=P18 New Designator=P7
Change Component Designator: Old Designator=P19 New Designator=P10
Change Component Designator: Old Designator=P20 New Designator=P11
Change Component Designator: Old Designator=P? New Designator=P3
Change Component Designator: Old Designator=Q? New Designator=Q1
Change Component Designator: Old Designator=Q? New Designator=Q2
Change Component Designator: Old Designator=R6 New Designator=R7
Change Component Designator: Old Designator=R6 New Designator=R8
Change Component Designator: Old Designator=R6 New Designator=R9
