Change Component Designator: Old Designator=C2 New Designator=C13
Change Component Designator: Old Designator=C3 New Designator=C15
Change Component Designator: Old Designator=C8 New Designator=C17
Change Component Designator: Old Designator=C9 New Designator=C18
Change Component Designator: Old Designator=C12 New Designator=C21
Change Component Designator: Old Designator=C17 New Designator=C12
Change Component Designator: Old Designator=C19 New Designator=C14
Change Component Designator: Old Designator=C21 New Designator=C16
Change Component Designator: Old Designator=C22 New Designator=C19
Change Component Designator: Old Designator=C23 New Designator=C20
Change Component Designator: Old Designator=D3 New Designator=D4
Change Component Designator: Old Designator=D4 New Designator=D6
Change Component Designator: Old Designator=D5 New Designator=D3
Change Component Designator: Old Designator=D6 New Designator=D5
Change Component Designator: Old Designator=J1 New Designator=J10
Change Component Designator: Old Designator=J8 New Designator=J9
Change Component Designator: Old Designator=R5 New Designator=R13
Change Component Designator: Old Designator=R6 New Designator=R16
Change Component Designator: Old Designator=R7 New Designator=R17
Change Component Designator: Old Designator=R9 New Designator=R19
Change Component Designator: Old Designator=R14 New Designator=R10
Change Component Designator: Old Designator=R15 New Designator=R11
Change Component Designator: Old Designator=R20 New Designator=R12
Change Component Designator: Old Designator=R21 New Designator=R14
Change Component Designator: Old Designator=R22 New Designator=R15
Change Component Designator: Old Designator=R23 New Designator=R18
Change Component Designator: Old Designator=U1 New Designator=U2
